Restore Archived Project report for processor
Tue May 30 17:53:52 2017
Quartus II 64-Bit Version 13.0.0 Build 156 04/24/2013 SJ Web Edition


---------------------
; Table of Contents ;
---------------------
  1. Legal Notice
  2. Restore Archived Project Summary
  3. Restore Archived Project Messages
  4. Files Restored
  5. Files Not Restored



----------------
; Legal Notice ;
----------------
Copyright (C) 1991-2013 Altera Corporation
Your use of Altera Corporation's design tools, logic functions 
and other software and tools, and its AMPP partner logic 
functions, and any output files from any of the foregoing 
(including device programming or simulation files), and any 
associated documentation or information are expressly subject 
to the terms and conditions of the Altera Program License 
Subscription Agreement, Altera MegaCore Function License 
Agreement, or other applicable license agreement, including, 
without limitation, that your use is for the sole purpose of 
programming logic devices manufactured by Altera and sold by 
Altera or its authorized distributors.  Please refer to the 
applicable agreement for further details.



+-------------------------------------------------------------------------+
; Restore Archived Project Summary                                        ;
+---------------------------------+---------------------------------------+
; Restore Archived Project Status ; Successful - Tue May 30 17:53:52 2017 ;
; Revision Name                   ; processor                             ;
; Top-level Entity Name           ; top_mod                               ;
; Family                          ; Cyclone IV E                          ;
+---------------------------------+---------------------------------------+


+-----------------------------------+
; Restore Archived Project Messages ;
+-----------------------------------+
Info: Successfully restored 'G:/University/semester 5/CCt ans System Design/Processor/DownSample_single_memory/processor_tmp_archive.qar' into the 'G:/University/semester 5/CCt ans System Design/Processor/DownSample_single_high_mem' directory
Info: Generated report 'processor.restore.rpt'


+------------------------------------------------------+
; Files Restored                                       ;
+------------------------------------------------------+
; File Name                                            ;
+------------------------------------------------------+
; ALU.v                                                ;
; Amux.v                                               ;
; Bmux.v                                               ;
; UART_FSM.v                                           ;
; assignment_defaults.qdf                              ;
; baud_rate_gen.v                                      ;
; control_unit.v                                       ;
; datapath.v                                           ;
; img_in_ram.v                                         ;
; img_out_ram.v                                        ;
; incremental_db/compiled_partitions/processor.db_info ;
; ins_ram.v                                            ;
; memory_unit.v                                        ;
; output_files/processor_tb.v                          ;
; processor.qpf                                        ;
; processor.qsf                                        ;
; processor.v                                          ;
; receiver.v                                           ;
; register12.v                                         ;
; register19.v                                         ;
; register8.v                                          ;
; single_port_ram.v                                    ;
; top_mod.v                                            ;
; transmitter.v                                        ;
; true_dual_port_ram.v                                 ;
; uart.v                                               ;
+------------------------------------------------------+


+--------------------+
; Files Not Restored ;
+--------------------+
; File Name          ;
+--------------------+


