Flow report for processor
Sun Jul 30 10:51:25 2017
Quartus II 64-Bit Version 13.0.0 Build 156 04/24/2013 SJ Web Edition


---------------------
; Table of Contents ;
---------------------
  1. Legal Notice
  2. Flow Summary
  3. Flow Settings
  4. Flow Non-Default Global Settings
  5. Flow Elapsed Time
  6. Flow OS Summary
  7. Flow Log
  8. Flow Messages
  9. Flow Suppressed Messages



----------------
; Legal Notice ;
----------------
Copyright (C) 1991-2013 Altera Corporation
Your use of Altera Corporation's design tools, logic functions 
and other software and tools, and its AMPP partner logic 
functions, and any output files from any of the foregoing 
(including device programming or simulation files), and any 
associated documentation or information are expressly subject 
to the terms and conditions of the Altera Program License 
Subscription Agreement, Altera MegaCore Function License 
Agreement, or other applicable license agreement, including, 
without limitation, that your use is for the sole purpose of 
programming logic devices manufactured by Altera and sold by 
Altera or its authorized distributors.  Please refer to the 
applicable agreement for further details.



+---------------------------------------------------------------------------------+
; Flow Summary                                                                    ;
+------------------------------------+--------------------------------------------+
; Flow Status                        ; Successful - Sun Jul 30 10:51:25 2017      ;
; Quartus II 64-Bit Version          ; 13.0.0 Build 156 04/24/2013 SJ Web Edition ;
; Revision Name                      ; processor                                  ;
; Top-level Entity Name              ; top_mod                                    ;
; Family                             ; Cyclone IV E                               ;
; Device                             ; EP4CE115F29C7                              ;
; Timing Models                      ; Final                                      ;
; Total logic elements               ; 15,258 / 114,480 ( 13 % )                  ;
;     Total combinational functions  ; 10,536 / 114,480 ( 9 % )                   ;
;     Dedicated logic registers      ; 11,339 / 114,480 ( 10 % )                  ;
; Total registers                    ; 11339                                      ;
; Total pins                         ; 6 / 529 ( 1 % )                            ;
; Total virtual pins                 ; 0                                          ;
; Total memory bits                  ; 2,107,400 / 3,981,312 ( 53 % )             ;
; Embedded Multiplier 9-bit elements ; 0 / 532 ( 0 % )                            ;
; Total PLLs                         ; 0 / 4 ( 0 % )                              ;
+------------------------------------+--------------------------------------------+


+-----------------------------------------+
; Flow Settings                           ;
+-------------------+---------------------+
; Option            ; Setting             ;
+-------------------+---------------------+
; Start date & time ; 07/30/2017 10:47:17 ;
; Main task         ; Compilation         ;
; Revision Name     ; processor           ;
+-------------------+---------------------+


+---------------------------------------------------------------------------------------------------------------------+
; Flow Non-Default Global Settings                                                                                    ;
+-------------------------------------+--------------------------------+---------------+-------------+----------------+
; Assignment Name                     ; Value                          ; Default Value ; Entity Name ; Section Id     ;
+-------------------------------------+--------------------------------+---------------+-------------+----------------+
; COMPILER_SIGNATURE_ID               ; 35490513601711.150139183718796 ; --            ; --          ; --             ;
; EDA_OUTPUT_DATA_FORMAT              ; Verilog Hdl                    ; --            ; --          ; eda_simulation ;
; EDA_SIMULATION_TOOL                 ; ModelSim-Altera (Verilog)      ; <None>        ; --          ; --             ;
; MAX_CORE_JUNCTION_TEMP              ; 85                             ; --            ; --          ; --             ;
; MIN_CORE_JUNCTION_TEMP              ; 0                              ; --            ; --          ; --             ;
; PARTITION_COLOR                     ; 16764057                       ; --            ; top_mod     ; Top            ;
; PARTITION_FITTER_PRESERVATION_LEVEL ; PLACEMENT_AND_ROUTING          ; --            ; top_mod     ; Top            ;
; PARTITION_NETLIST_TYPE              ; SOURCE                         ; --            ; top_mod     ; Top            ;
; PROJECT_OUTPUT_DIRECTORY            ; output_files                   ; --            ; --          ; --             ;
; TOP_LEVEL_ENTITY                    ; top_mod                        ; processor     ; --          ; --             ;
+-------------------------------------+--------------------------------+---------------+-------------+----------------+


+-------------------------------------------------------------------------------------------------------------------------------+
; Flow Elapsed Time                                                                                                             ;
+---------------------------+--------------+-------------------------+---------------------+------------------------------------+
; Module Name               ; Elapsed Time ; Average Processors Used ; Peak Virtual Memory ; Total CPU Time (on all processors) ;
+---------------------------+--------------+-------------------------+---------------------+------------------------------------+
; Analysis & Synthesis      ; 00:00:48     ; 1.0                     ; 610 MB              ; 00:00:47                           ;
; Fitter                    ; 00:02:24     ; 1.0                     ; 1093 MB             ; 00:02:23                           ;
; Assembler                 ; 00:00:07     ; 1.0                     ; 526 MB              ; 00:00:06                           ;
; TimeQuest Timing Analyzer ; 00:00:19     ; 1.0                     ; 746 MB              ; 00:00:17                           ;
; EDA Netlist Writer        ; 00:00:18     ; 1.0                     ; 569 MB              ; 00:00:17                           ;
; Total                     ; 00:03:56     ; --                      ; --                  ; 00:03:50                           ;
+---------------------------+--------------+-------------------------+---------------------+------------------------------------+


+----------------------------------------------------------------------------------------+
; Flow OS Summary                                                                        ;
+---------------------------+------------------+-----------+------------+----------------+
; Module Name               ; Machine Hostname ; OS Name   ; OS Version ; Processor type ;
+---------------------------+------------------+-----------+------------+----------------+
; Analysis & Synthesis      ; Dell-PC          ; Windows 7 ; 6.2        ; x86_64         ;
; Fitter                    ; Dell-PC          ; Windows 7 ; 6.2        ; x86_64         ;
; Assembler                 ; Dell-PC          ; Windows 7 ; 6.2        ; x86_64         ;
; TimeQuest Timing Analyzer ; Dell-PC          ; Windows 7 ; 6.2        ; x86_64         ;
; EDA Netlist Writer        ; Dell-PC          ; Windows 7 ; 6.2        ; x86_64         ;
+---------------------------+------------------+-----------+------------+----------------+


------------
; Flow Log ;
------------
quartus_map --read_settings_files=on --write_settings_files=off processor -c processor
quartus_fit --read_settings_files=off --write_settings_files=off processor -c processor
quartus_asm --read_settings_files=off --write_settings_files=off processor -c processor
quartus_sta processor -c processor
quartus_eda --read_settings_files=off --write_settings_files=off processor -c processor



